<?xml version="1.0" encoding="UTF-8"?>
<!-- Generated by org.testng.reporters.JUnitXMLReporter -->
<testsuite ignored="0" hostname="DESKTOP-569RHDF" failures="6" tests="6" name="Test" time="1.932" errors="0" timestamp="04 Sep 2019 10:46:14 GMT">
  <testcase classname="hr.ogcs.qa.testcases.TestCaseHelloWorld" name="exportAndCopy" time="0.013">
    <failure type="java.lang.NullPointerException">
      <![CDATA[java.lang.NullPointerException
at hr.ogcs.qa.pages.DownloadPage.viewFiles(DownloadPage.java:139)
at hr.ogcs.qa.testcases.TestCaseHelloWorld.exportAndCopy(TestCaseHelloWorld.java:64)
... Removed 25 stack frames]]>
    </failure>
  </testcase> <!-- exportAndCopy -->
  <testcase classname="hr.ogcs.qa.testcases.TestCaseHelloWorld" name="exportAndCopy" time="0.021">
    <failure type="java.lang.NullPointerException">
      <![CDATA[java.lang.NullPointerException
at hr.ogcs.qa.pages.DownloadPage.viewFiles(DownloadPage.java:139)
at hr.ogcs.qa.testcases.TestCaseHelloWorld.exportAndCopy(TestCaseHelloWorld.java:64)
... Removed 25 stack frames]]>
    </failure>
  </testcase> <!-- exportAndCopy -->
  <testcase classname="hr.ogcs.qa.testcases.TestCaseHelloWorld" name="exportAndCopy" time="0.008">
    <failure type="java.lang.NullPointerException">
      <![CDATA[java.lang.NullPointerException
at hr.ogcs.qa.pages.DownloadPage.viewFiles(DownloadPage.java:139)
at hr.ogcs.qa.testcases.TestCaseHelloWorld.exportAndCopy(TestCaseHelloWorld.java:64)
... Removed 25 stack frames]]>
    </failure>
  </testcase> <!-- exportAndCopy -->
  <testcase classname="hr.ogcs.qa.testcases.TestCaseHelloWorld" name="exportAndCopy" time="0.003">
    <failure type="java.lang.NullPointerException">
      <![CDATA[java.lang.NullPointerException
at hr.ogcs.qa.pages.DownloadPage.viewFiles(DownloadPage.java:139)
at hr.ogcs.qa.testcases.TestCaseHelloWorld.exportAndCopy(TestCaseHelloWorld.java:64)
... Removed 25 stack frames]]>
    </failure>
  </testcase> <!-- exportAndCopy -->
  <testcase classname="hr.ogcs.qa.testcases.TestCaseHelloWorld" name="exportAndCopy" time="0.003">
    <failure type="java.lang.NullPointerException">
      <![CDATA[java.lang.NullPointerException
at hr.ogcs.qa.pages.DownloadPage.viewFiles(DownloadPage.java:139)
at hr.ogcs.qa.testcases.TestCaseHelloWorld.exportAndCopy(TestCaseHelloWorld.java:64)
... Removed 25 stack frames]]>
    </failure>
  </testcase> <!-- exportAndCopy -->
  <testcase classname="hr.ogcs.qa.testcases.TestCaseHelloWorld" name="exportAndCopy" time="0.004">
    <failure type="java.lang.NullPointerException">
      <![CDATA[java.lang.NullPointerException
at hr.ogcs.qa.pages.DownloadPage.viewFiles(DownloadPage.java:139)
at hr.ogcs.qa.testcases.TestCaseHelloWorld.exportAndCopy(TestCaseHelloWorld.java:64)
... Removed 25 stack frames]]>
    </failure>
  </testcase> <!-- exportAndCopy -->
</testsuite> <!-- Test -->
